#
# A fatal error has been detected by the Java Runtime Environment:
#
#  EXCEPTION_ACCESS_VIOLATION (0xc0000005) at pc=0x0000000050e27066, pid=8384, tid=0x00000000000010c0
#
# JRE version: Java(TM) SE Runtime Environment (8.0_181-b13) (build 1.8.0_181-b13)
# Java VM: Java HotSpot(TM) 64-Bit Server VM (25.181-b13 mixed mode windows-amd64 compressed oops)
# Problematic frame:
# V  [jvm.dll+0x237066]
#
# Failed to write core dump. Minidumps are not enabled by default on client versions of Windows
#
# If you would like to submit a bug report, please visit:
#   http://bugreport.java.com/bugreport/crash.jsp
#

---------------  T H R E A D  ---------------

Current thread (0x0000000018ade800):  JavaThread "pool-1-thread-2" [_thread_in_vm, id=4288, stack(0x0000000019f70000,0x000000001a070000)]

siginfo: ExceptionCode=0xc0000005, reading address 0x0000000000000008

Registers:
RAX=0x0000000000000000, RBX=0x000000001a06ece0, RCX=0x000000001a06ece0, RDX=0x0000000000000028
RSP=0x000000001a06ea20, RBP=0x000000001a06ee20, RSI=0x00000000170b1768, RDI=0x0000000000000000
R8 =0x0000000000000000, R9 =0x0000000000000006, R10=0x00000000170b1768, R11=0x000000001a06ec10
R12=0x0000000018ad7b40, R13=0x0000000000000000, R14=0x000000001a06ee58, R15=0x00000000189fbaa0
RIP=0x0000000050e27066, EFLAGS=0x0000000000010202

Top of Stack: (sp=0x000000001a06ea20)
0x000000001a06ea20:   000000000000002c 0000000000000000
0x000000001a06ea30:   0000000016e0cca0 0000000000000000
0x000000001a06ea40:   0000000002466b50 000007fefc22d468
0x000000001a06ea50:   0000000000000008 0000000000000001
0x000000001a06ea60:   00000000d5e5d400 00000000194b19b0
0x000000001a06ea70:   0000000000425250 0000000076f7d491
0x000000001a06ea80:   0000000018ade800 000000001a06ec10
0x000000001a06ea90:   0000000016f47fb0 0000000000000000
0x000000001a06eaa0:   0000000000000000 000000001a06eb48
0x000000001a06eab0:   0000000018ade800 000000001a06ec10
0x000000001a06eac0:   0000000016f47fb0 0000000000000000
0x000000001a06ead0:   0000000000000000 0000000000000000
0x000000001a06eae0:   0000000002466b50 000007fefe881aa5
0x000000001a06eaf0:   0000000002460000 0000000000000001
0x000000001a06eb00:   0000000000000000 0000000002466b50
0x000000001a06eb10:   0000000016f47fb0 0000000000000000 

Instructions: (pc=0x0000000050e27066)
0x0000000050e27046:   01 00 00 48 8b 05 30 a8 5b 00 48 33 c4 48 89 84
0x0000000050e27056:   24 30 01 00 00 4c 63 41 10 48 8b 41 08 48 8b d9
0x0000000050e27066:   42 38 54 00 08 74 33 44 0f be c2 48 8d 4c 24 20
0x0000000050e27076:   48 8d 15 13 e3 3e 00 e8 ee ec de ff 48 8d 0d 97 


Register to memory mapping:

RAX=0x0000000000000000 is an unknown value
RBX=0x000000001a06ece0 is pointing into the stack for thread: 0x0000000018ade800
RCX=0x000000001a06ece0 is pointing into the stack for thread: 0x0000000018ade800
RDX=0x0000000000000028 is an unknown value
RSP=0x000000001a06ea20 is pointing into the stack for thread: 0x0000000018ade800
RBP=0x000000001a06ee20 is pointing into the stack for thread: 0x0000000018ade800
RSI={method} {0x00000000170b1770} 'run' '()V' in 'com/xianguo/hotserver/socket/Handle/SocketHandle'
RDI=0x0000000000000000 is an unknown value
R8 =0x0000000000000000 is an unknown value
R9 =0x0000000000000006 is an unknown value
R10={method} {0x00000000170b1770} 'run' '()V' in 'com/xianguo/hotserver/socket/Handle/SocketHandle'
R11=0x000000001a06ec10 is pointing into the stack for thread: 0x0000000018ade800
R12=0x0000000018ad7b40 is an unknown value
R13=0x0000000000000000 is an unknown value
R14=0x000000001a06ee58 is pointing into the stack for thread: 0x0000000018ade800
R15=0x00000000189fbaa0 is an unknown value


Stack: [0x0000000019f70000,0x000000001a070000],  sp=0x000000001a06ea20,  free space=1018k
Native frames: (J=compiled Java code, j=interpreted, Vv=VM code, C=native code)
V  [jvm.dll+0x237066]
V  [jvm.dll+0x23746f]
V  [jvm.dll+0x20e4a0]
V  [jvm.dll+0xbd13d]
C  0x000000000277472c

Java frames: (J=compiled Java code, j=interpreted, Vv=VM code)
j  com.xianguo.hotserver.socket.Handle.SocketHandle.run()V+89
j  java.util.concurrent.Executors$RunnableAdapter.call()Ljava/lang/Object;+4
j  java.util.concurrent.FutureTask.run()V+42
j  java.util.concurrent.ThreadPoolExecutor.runWorker(Ljava/util/concurrent/ThreadPoolExecutor$Worker;)V+95
j  java.util.concurrent.ThreadPoolExecutor$Worker.run()V+5
j  java.lang.Thread.run()V+11
v  ~StubRoutines::call_stub

---------------  P R O C E S S  ---------------

Java Threads: ( => current thread )
  0x0000000018ae2000 JavaThread "pool-1-thread-3" [_thread_blocked, id=10072, stack(0x000000001a200000,0x000000001a300000)]
=>0x0000000018ade800 JavaThread "pool-1-thread-2" [_thread_in_vm, id=4288, stack(0x0000000019f70000,0x000000001a070000)]
  0x0000000018ad9800 JavaThread "pool-1-thread-1" [_thread_blocked, id=1924, stack(0x000000001a0f0000,0x000000001a1f0000)]
  0x0000000018a6e000 JavaThread "Service Thread" daemon [_thread_blocked, id=8112, stack(0x0000000019e20000,0x0000000019f20000)]
  0x0000000018a3a000 JavaThread "C1 CompilerThread2" daemon [_thread_blocked, id=10176, stack(0x0000000019b40000,0x0000000019c40000)]
  0x00000000189dd800 JavaThread "C2 CompilerThread1" daemon [_thread_blocked, id=9908, stack(0x0000000019380000,0x0000000019480000)]
  0x00000000189d9800 JavaThread "C2 CompilerThread0" daemon [_thread_blocked, id=9984, stack(0x00000000199a0000,0x0000000019aa0000)]
  0x00000000189c6800 JavaThread "JDWP Command Reader" daemon [_thread_in_native, id=9768, stack(0x00000000197e0000,0x00000000198e0000)]
  0x00000000189c5000 JavaThread "JDWP Event Helper Thread" daemon [_thread_blocked, id=9684, stack(0x00000000196b0000,0x00000000197b0000)]
  0x00000000189bb000 JavaThread "JDWP Transport Listener: dt_socket" daemon [_thread_blocked, id=10048, stack(0x00000000195a0000,0x00000000196a0000)]
  0x00000000189b4000 JavaThread "Attach Listener" daemon [_thread_blocked, id=10128, stack(0x0000000018f90000,0x0000000019090000)]
  0x00000000189b3800 JavaThread "Signal Dispatcher" daemon [_thread_blocked, id=9052, stack(0x0000000018e40000,0x0000000018f40000)]
  0x000000001768b000 JavaThread "Finalizer" daemon [_thread_blocked, id=6008, stack(0x00000000188a0000,0x00000000189a0000)]
  0x0000000017643800 JavaThread "Reference Handler" daemon [_thread_blocked, id=7976, stack(0x0000000018710000,0x0000000018810000)]
  0x00000000022d9000 JavaThread "main" [_thread_in_native, id=9772, stack(0x0000000002640000,0x0000000002740000)]

Other Threads:
  0x000000001763c000 VMThread [stack: 0x0000000018530000,0x0000000018630000] [id=9820]
  0x0000000018a8b000 WatcherThread [stack: 0x0000000019c70000,0x0000000019d70000] [id=9512]

VM state:not at safepoint (normal execution)

VM Mutex/Monitor currently owned by a thread: None

Heap:
 PSYoungGen      total 38400K, used 4661K [0x00000000d5e00000, 0x00000000d8880000, 0x0000000100000000)
  eden space 33280K, 14% used [0x00000000d5e00000,0x00000000d628d620,0x00000000d7e80000)
  from space 5120K, 0% used [0x00000000d8380000,0x00000000d8380000,0x00000000d8880000)
  to   space 5120K, 0% used [0x00000000d7e80000,0x00000000d7e80000,0x00000000d8380000)
 ParOldGen       total 87552K, used 0K [0x0000000081a00000, 0x0000000086f80000, 0x00000000d5e00000)
  object space 87552K, 0% used [0x0000000081a00000,0x0000000081a00000,0x0000000086f80000)
 Metaspace       used 3480K, capacity 4728K, committed 4864K, reserved 1056768K
  class space    used 394K, capacity 424K, committed 512K, reserved 1048576K

Card table byte_map: [0x0000000011b00000,0x0000000011f00000] byte_map_base: 0x00000000116f3000

Marking Bits: (ParMarkBitMap*) 0x0000000051412d00
 Begin Bits: [0x0000000012980000, 0x0000000014918000)
 End Bits:   [0x0000000014918000, 0x00000000168b0000)

Polling page: 0x0000000000120000

CodeCache: size=245760Kb used=1144Kb max_used=1144Kb free=244615Kb
 bounds [0x0000000002740000, 0x00000000029b0000, 0x0000000011740000]
 total_blobs=287 nmethods=46 adapters=163
 compilation: enabled

Compilation events (10 events):
Event: 2.454 Thread 0x0000000018a3a000   41       3       java.util.concurrent.ConcurrentHashMap::tabAt (21 bytes)
Event: 2.455 Thread 0x0000000018a3a000 nmethod 41 0x000000000285c850 code [0x000000000285c9a0, 0x000000000285cbd0]
Event: 28.333 Thread 0x0000000018a3a000   43       3       java.lang.StringBuilder::<init> (7 bytes)
Event: 28.334 Thread 0x0000000018a3a000 nmethod 43 0x000000000285d250 code [0x000000000285d3c0, 0x000000000285d670]
Event: 47.916 Thread 0x0000000018a3a000   44       1       java.lang.reflect.Field::getName (5 bytes)
Event: 47.916 Thread 0x0000000018a3a000 nmethod 44 0x000000000285d790 code [0x000000000285d8e0, 0x000000000285d9f0]
Event: 58.393 Thread 0x0000000018a3a000   45       1       java.lang.ThreadLocal::access$400 (5 bytes)
Event: 58.393 Thread 0x0000000018a3a000 nmethod 45 0x000000000285da50 code [0x000000000285dba0, 0x000000000285dc90]
Event: 1825.243 Thread 0x0000000018a3a000   46       3       java.util.regex.Pattern$Slice::match (79 bytes)
Event: 1825.244 Thread 0x0000000018a3a000 nmethod 46 0x000000000285dd10 code [0x000000000285dea0, 0x000000000285e358]

GC Heap History (0 events):
No events

Deoptimization events (0 events):
No events

Classes redefined (10 events):
Event: 1536.092 Thread 0x000000001763c000 redefined class name=com.xianguo.hotserver.socket.Handle.SocketHandle, count=26
Event: 1581.070 Thread 0x000000001763c000 redefined class name=com.xianguo.hotserver.socket.Handle.SocketHandle, count=27
Event: 1606.235 Thread 0x000000001763c000 redefined class name=com.xianguo.hotserver.socket.Handle.SocketHandle, count=28
Event: 1617.796 Thread 0x000000001763c000 redefined class name=com.xianguo.hotserver.socket.Handle.SocketHandle, count=29
Event: 1653.575 Thread 0x000000001763c000 redefined class name=com.xianguo.hotserver.socket.Handle.SocketHandle, count=30
Event: 1707.978 Thread 0x000000001763c000 redefined class name=com.xianguo.hotserver.socket.Handle.SocketHandle, count=31
Event: 1722.045 Thread 0x000000001763c000 redefined class name=com.xianguo.hotserver.socket.Handle.SocketHandle, count=32
Event: 1732.588 Thread 0x000000001763c000 redefined class name=com.xianguo.hotserver.socket.Handle.SocketHandle, count=33
Event: 1737.143 Thread 0x000000001763c000 redefined class name=com.xianguo.hotserver.socket.Handle.SocketHandle, count=34
Event: 1807.330 Thread 0x000000001763c000 redefined class name=com.xianguo.hotserver.socket.Handle.SocketHandle, count=35

Internal exceptions (2 events):
Event: 0.035 Thread 0x00000000022d9000 Exception <a 'java/lang/NoSuchMethodError': Method sun.misc.Unsafe.defineClass(Ljava/lang/String;[BII)Ljava/lang/Class; name or signature does not match> (0x00000000d5e07cb0) thrown at [C:\re\workspace\8-2-build-windows-amd64-cygwin\jdk8u181\11358\hotspot
Event: 0.035 Thread 0x00000000022d9000 Exception <a 'java/lang/NoSuchMethodError': Method sun.misc.Unsafe.prefetchRead(Ljava/lang/Object;J)V name or signature does not match> (0x00000000d5e07f98) thrown at [C:\re\workspace\8-2-build-windows-amd64-cygwin\jdk8u181\11358\hotspot\src\share\vm\prim

Events (10 events):
Event: 1732.591 Executing VM operation: ChangeBreakpoints
Event: 1732.591 Executing VM operation: ChangeBreakpoints done
Event: 1737.142 Executing VM operation: RedefineClasses
Event: 1737.143 Executing VM operation: RedefineClasses done
Event: 1737.146 Executing VM operation: ChangeBreakpoints
Event: 1737.146 Executing VM operation: ChangeBreakpoints done
Event: 1807.329 Executing VM operation: RedefineClasses
Event: 1807.330 Executing VM operation: RedefineClasses done
Event: 1807.334 Executing VM operation: ChangeBreakpoints
Event: 1807.334 Executing VM operation: ChangeBreakpoints done


Dynamic libraries:
0x000000013fb10000 - 0x000000013fb47000 	C:\Program Files\Java\jre1.8.0_181\bin\javaw.exe
0x0000000076f50000 - 0x00000000770ef000 	C:\Windows\SYSTEM32\ntdll.dll
0x0000000076e30000 - 0x0000000076f4f000 	C:\Windows\system32\kernel32.dll
0x000007fefcc10000 - 0x000007fefcc77000 	C:\Windows\system32\KERNELBASE.dll
0x000007fefea60000 - 0x000007fefeb3b000 	C:\Windows\system32\ADVAPI32.DLL
0x000007fefe3d0000 - 0x000007fefe46f000 	C:\Windows\system32\msvcrt.dll
0x000007fefe1d0000 - 0x000007fefe1ef000 	C:\Windows\SYSTEM32\sechost.dll
0x000007fefef20000 - 0x000007feff04c000 	C:\Windows\system32\RPCRT4.dll
0x0000000076d30000 - 0x0000000076e2a000 	C:\Windows\system32\USER32.dll
0x000007fefe810000 - 0x000007fefe877000 	C:\Windows\system32\GDI32.dll
0x000007fefe470000 - 0x000007fefe47e000 	C:\Windows\system32\LPK.dll
0x000007fefe480000 - 0x000007fefe54b000 	C:\Windows\system32\USP10.dll
0x000007fefb010000 - 0x000007fefb205000 	C:\Windows\WinSxS\amd64_microsoft.windows.common-controls_6595b64144ccf1df_6.0.7601.24483_none_e372d88f30fbb845\COMCTL32.dll
0x000007fefe150000 - 0x000007fefe1c1000 	C:\Windows\system32\SHLWAPI.dll
0x000007fefe120000 - 0x000007fefe14e000 	C:\Windows\system32\IMM32.DLL
0x000007fefeb40000 - 0x000007fefec49000 	C:\Windows\system32\MSCTF.dll
0x00000000536c0000 - 0x0000000053792000 	C:\Program Files\Java\jre1.8.0_181\bin\msvcr100.dll
0x0000000050bf0000 - 0x0000000051492000 	C:\Program Files\Java\jre1.8.0_181\bin\server\jvm.dll
0x000007fef9d10000 - 0x000007fef9d19000 	C:\Windows\system32\WSOCK32.dll
0x000007fefe880000 - 0x000007fefe8cd000 	C:\Windows\system32\WS2_32.dll
0x000007feff050000 - 0x000007feff058000 	C:\Windows\system32\NSI.dll
0x000007fef93f0000 - 0x000007fef942b000 	C:\Windows\system32\WINMM.dll
0x000007fefbb10000 - 0x000007fefbb1c000 	C:\Windows\system32\VERSION.dll
0x00000000770f0000 - 0x00000000770f7000 	C:\Windows\system32\PSAPI.DLL
0x0000000070e00000 - 0x0000000070e0f000 	C:\Program Files\Java\jre1.8.0_181\bin\verify.dll
0x000000006ee60000 - 0x000000006ee89000 	C:\Program Files\Java\jre1.8.0_181\bin\java.dll
0x000000006df40000 - 0x000000006df75000 	C:\Program Files\Java\jre1.8.0_181\bin\jdwp.dll
0x0000000071190000 - 0x0000000071198000 	C:\Program Files\Java\jre1.8.0_181\bin\npt.dll
0x000000006ee10000 - 0x000000006ee26000 	C:\Program Files\Java\jre1.8.0_181\bin\zip.dll
0x000007fefd390000 - 0x000007fefe11b000 	C:\Windows\system32\SHELL32.dll
0x000007fefe570000 - 0x000007fefe76f000 	C:\Windows\system32\ole32.dll
0x000007fefcaa0000 - 0x000007fefcaaf000 	C:\Windows\system32\profapi.dll
0x0000000071170000 - 0x0000000071179000 	C:\Program Files\Java\jre1.8.0_181\bin\dt_socket.dll
0x000007fefab50000 - 0x000007fefab65000 	C:\Windows\system32\NLAapi.dll
0x000007fef6f80000 - 0x000007fef6f95000 	C:\Windows\system32\napinsp.dll
0x000007fef6e30000 - 0x000007fef6e49000 	C:\Windows\system32\pnrpnsp.dll
0x000007fefc200000 - 0x000007fefc255000 	C:\Windows\System32\mswsock.dll
0x000007fefbf80000 - 0x000007fefbfdb000 	C:\Windows\system32\DNSAPI.dll
0x000007fef6e20000 - 0x000007fef6e2b000 	C:\Windows\System32\winrnr.dll
0x000007fef98b0000 - 0x000007fef98d7000 	C:\Windows\system32\IPHLPAPI.DLL
0x000007fef98a0000 - 0x000007fef98ab000 	C:\Windows\system32\WINNSI.DLL
0x000007fef9630000 - 0x000007fef9683000 	C:\Windows\System32\fwpuclnt.dll
0x000007fef8740000 - 0x000007fef8748000 	C:\Windows\system32\rasadhlp.dll
0x000007fefbbe0000 - 0x000007fefbbe7000 	C:\Windows\System32\wshtcpip.dll
0x000000006edf0000 - 0x000000006ee0a000 	C:\Program Files\Java\jre1.8.0_181\bin\net.dll
0x000007fefc4b0000 - 0x000007fefc4b7000 	C:\Windows\System32\wship6.dll
0x000007fefa750000 - 0x000007fefa875000 	C:\Windows\system32\dbghelp.dll

VM Arguments:
jvm_args: -agentlib:jdwp=transport=dt_socket,suspend=y,address=localhost:57790 -Dfile.encoding=UTF-8 
java_command: com.xianguo.hotserver.App
java_class_path (initial): C:\Program Files\Java\jre1.8.0_181\lib\resources.jar;C:\Program Files\Java\jre1.8.0_181\lib\rt.jar;C:\Program Files\Java\jre1.8.0_181\lib\jsse.jar;C:\Program Files\Java\jre1.8.0_181\lib\jce.jar;C:\Program Files\Java\jre1.8.0_181\lib\charsets.jar;C:\Program Files\Java\jre1.8.0_181\lib\jfr.jar;C:\Program Files\Java\jre1.8.0_181\lib\ext\access-bridge-64.jar;C:\Program Files\Java\jre1.8.0_181\lib\ext\cldrdata.jar;C:\Program Files\Java\jre1.8.0_181\lib\ext\dnsns.jar;C:\Program Files\Java\jre1.8.0_181\lib\ext\jaccess.jar;C:\Program Files\Java\jre1.8.0_181\lib\ext\jfxrt.jar;C:\Program Files\Java\jre1.8.0_181\lib\ext\localedata.jar;C:\Program Files\Java\jre1.8.0_181\lib\ext\nashorn.jar;C:\Program Files\Java\jre1.8.0_181\lib\ext\sunec.jar;C:\Program Files\Java\jre1.8.0_181\lib\ext\sunjce_provider.jar;C:\Program Files\Java\jre1.8.0_181\lib\ext\sunmscapi.jar;C:\Program Files\Java\jre1.8.0_181\lib\ext\sunpkcs11.jar;C:\Program Files\Java\jre1.8.0_181\lib\ext\zipfs.jar;D:\workspace\Quotation\hotserver\target\classes;C:\Users\Administrator\.m2\repository\org\projectlombok\lombok\1.18.8\lombok-1.18.8.jar
Launcher Type: SUN_STANDARD

Environment Variables:
JAVA_HOME=C:\Program Files\Java\jdk1.7.0_80
CLASSPATH=.;C:\Program Files\Java\jdk1.7.0_80\lib;C:\Program Files\Java\jdk1.7.0_80\lib\tools.jar
PATH=C:/Program Files/Java/jre1.8.0_181/bin/server;C:/Program Files/Java/jre1.8.0_181/bin;C:/Program Files/Java/jre1.8.0_181/lib/amd64;C:\Program Files (x86)\Common Files\Oracle\Java\javapath;C:\Windows\system32;C:\Windows;C:\Windows\System32\Wbem;C:\Windows\System32\WindowsPowerShell\v1.0\;C:\Program Files\nodejs\;C:\Program Files\Java\jdk1.7.0_80\bin;C:\Program Files\Java\jdk1.7.0_80\jre\bin;D:\tools\apache-maven-3.3.9\bin;C:\Program Files\TortoiseSVN\bin;C:\Users\Administrator\AppData\Local\Programs\Microsoft VS Code\bin;C:\Users\Administrator\AppData\Roaming\npm;D:\tools\sts-bundle\sts-3.9.2.RELEASE;
USERNAME=Administrator
OS=Windows_NT
PROCESSOR_IDENTIFIER=Intel64 Family 6 Model 42 Stepping 7, GenuineIntel



---------------  S Y S T E M  ---------------

OS: Windows 7 , 64 bit Build 7601 (6.1.7601.24499)

CPU:total 4 (initial active 4) (4 cores per cpu, 1 threads per core) family 6 model 42 stepping 7, cmov, cx8, fxsr, mmx, sse, sse2, sse3, ssse3, sse4.1, sse4.2, popcnt, avx, aes, clmul, tsc, tscinvbit

Memory: 4k page, physical 8274024k(2865528k free), swap 16546148k(10159580k free)

vm_info: Java HotSpot(TM) 64-Bit Server VM (25.181-b13) for windows-amd64 JRE (1.8.0_181-b13), built on Jul  7 2018 04:01:33 by "java_re" with MS VC++ 10.0 (VS2010)

time: Tue Jul 30 14:36:58 2019
elapsed time: 1825 seconds (0d 0h 30m 25s)

